0 info it worked if it ends with ok
1 verbose cli [ '/home/taykim/anaconda3/bin/node',
1 verbose cli   '/home/taykim/anaconda3/bin/npm',
1 verbose cli   'install',
1 verbose cli   'pandas-js' ]
2 info using npm@3.10.10
3 info using node@v6.11.2
4 silly loadCurrentTree Starting
5 silly install loadCurrentTree
6 silly install readLocalPackageData
7 silly fetchPackageMetaData pandas-js
8 silly fetchNamedPackageData pandas-js
9 silly mapToRegistry name pandas-js
10 silly mapToRegistry using default registry
11 silly mapToRegistry registry https://registry.npmjs.org/
12 silly mapToRegistry data Result {
12 silly mapToRegistry   raw: 'pandas-js',
12 silly mapToRegistry   scope: null,
12 silly mapToRegistry   escapedName: 'pandas-js',
12 silly mapToRegistry   name: 'pandas-js',
12 silly mapToRegistry   rawSpec: '',
12 silly mapToRegistry   spec: 'latest',
12 silly mapToRegistry   type: 'tag' }
13 silly mapToRegistry uri https://registry.npmjs.org/pandas-js
14 verbose request uri https://registry.npmjs.org/pandas-js
15 verbose request no auth needed
16 info attempt registry request try #1 at 11:31:57 PM
17 verbose request id 2e58e8c17fa18bb8
18 verbose etag W/"9033febbf37d0683f1f1a8b07cf58e27"
19 verbose lastModified Thu, 23 Jun 2022 08:44:31 GMT
20 http request GET https://registry.npmjs.org/pandas-js
21 http 304 https://registry.npmjs.org/pandas-js
22 verbose headers { date: 'Thu, 25 May 2023 22:37:04 GMT',
22 verbose headers   connection: 'keep-alive',
22 verbose headers   'cf-ray': '7cd142c509fd7ca4-LAX',
22 verbose headers   'cf-cache-status': 'REVALIDATED',
22 verbose headers   'cache-control': 'public, max-age=300',
22 verbose headers   etag: '"9033febbf37d0683f1f1a8b07cf58e27"',
22 verbose headers   'last-modified': 'Thu, 23 Jun 2022 08:44:31 GMT',
22 verbose headers   vary: 'Accept-Encoding',
22 verbose headers   'x-amz-replication-status': 'COMPLETED',
22 verbose headers   server: 'cloudflare' }
23 silly get cb [ 304,
23 silly get   { date: 'Thu, 25 May 2023 22:37:04 GMT',
23 silly get     connection: 'keep-alive',
23 silly get     'cf-ray': '7cd142c509fd7ca4-LAX',
23 silly get     'cf-cache-status': 'REVALIDATED',
23 silly get     'cache-control': 'public, max-age=300',
23 silly get     etag: '"9033febbf37d0683f1f1a8b07cf58e27"',
23 silly get     'last-modified': 'Thu, 23 Jun 2022 08:44:31 GMT',
23 silly get     vary: 'Accept-Encoding',
23 silly get     'x-amz-replication-status': 'COMPLETED',
23 silly get     server: 'cloudflare' } ]
24 verbose etag https://registry.npmjs.org/pandas-js from cache
25 verbose get saving pandas-js to /home/taykim/.npm/registry.npmjs.org/pandas-js/.cache.json
26 verbose correctMkdir /home/taykim/.npm correctMkdir not in flight; initializing
27 silly install normalizeTree
28 silly loadCurrentTree Finishing
29 silly loadIdealTree Starting
30 silly install loadIdealTree
31 silly cloneCurrentTree Starting
32 silly install cloneCurrentTreeToIdealTree
33 silly cloneCurrentTree Finishing
34 silly loadShrinkwrap Starting
35 silly install loadShrinkwrap
36 silly loadShrinkwrap Finishing
37 silly loadAllDepsIntoIdealTree Starting
38 silly install loadAllDepsIntoIdealTree
39 silly rollbackFailedOptional Starting
40 silly rollbackFailedOptional Finishing
41 silly runTopLevelLifecycles Finishing
42 silly install printInstalled
43 verbose stack Error: Refusing to install pandas-js as a dependency of itself
43 verbose stack     at checkSelf (/home/taykim/anaconda3/lib/node_modules/npm/lib/install/validate-args.js:53:14)
43 verbose stack     at Array.<anonymous> (/home/taykim/anaconda3/lib/node_modules/npm/node_modules/slide/lib/bind-actor.js:15:8)
43 verbose stack     at LOOP (/home/taykim/anaconda3/lib/node_modules/npm/node_modules/slide/lib/chain.js:15:14)
43 verbose stack     at chain (/home/taykim/anaconda3/lib/node_modules/npm/node_modules/slide/lib/chain.js:20:5)
43 verbose stack     at /home/taykim/anaconda3/lib/node_modules/npm/lib/install/validate-args.js:16:5
43 verbose stack     at /home/taykim/anaconda3/lib/node_modules/npm/node_modules/slide/lib/async-map.js:52:35
43 verbose stack     at Array.forEach (native)
43 verbose stack     at /home/taykim/anaconda3/lib/node_modules/npm/node_modules/slide/lib/async-map.js:52:11
43 verbose stack     at Array.forEach (native)
43 verbose stack     at asyncMap (/home/taykim/anaconda3/lib/node_modules/npm/node_modules/slide/lib/async-map.js:51:8)
44 verbose cwd /home/taykim/vscode/T3Project
45 error Linux 5.10.16.3-microsoft-standard-WSL2
46 error argv "/home/taykim/anaconda3/bin/node" "/home/taykim/anaconda3/bin/npm" "install" "pandas-js"
47 error node v6.11.2
48 error npm  v3.10.10
49 error code ENOSELF
50 error Refusing to install pandas-js as a dependency of itself
51 error If you need help, you may report this error at:
51 error     <https://github.com/npm/npm/issues>
52 verbose exit [ 1, true ]
